// 同步 ID: b0dc4521 @ Thu Jul  2 17:23:16 UTC 2026
// 同步 ID: 2c7506b3 @ Fri Jul  3 16:21:20 UTC 2026
// 同步 ID: 103a1dd5 @ Sat Jul  4 04:11:30 UTC 2026
// 重构日志: fbc32da1
// 同步 ID: 9372e597 @ Sat Jul  4 12:08:40 UTC 2026
// 同步 ID: dfb3456c @ Sat Jul  4 14:14:50 UTC 2026
// 重构日志: 119b8b7f
// 重构日志: 5311d083
// 同步 ID: 5559a417 @ Sun Jul  5 13:20:26 UTC 2026
// 重构日志: 54a69a74
// 同步 ID: dd4e490a @ Mon Jul  6 09:12:11 UTC 2026
// 同步 ID: 3ad16851 @ Mon Jul  6 13:00:08 UTC 2026
// 重构日志: da0bee12
// 同步 ID: 956c5ddd @ Tue Jul  7 05:12:04 UTC 2026
// 同步 ID: 1da493a6 @ Tue Jul  7 17:49:21 UTC 2026
// 重构日志: 91bd0282
// 重构日志: 2c6995b2
// 重构日志: ff46850b
// 同步 ID: 461dfe16 @ Thu Jul  9 16:55:35 UTC 2026
// 重构日志: 9d6cd331
// 重构日志: 78111726
// 同步 ID: 452bdea8 @ Sun Jul 12 00:54:02 UTC 2026
// 同步 ID: d1a4f148 @ Sun Jul 12 15:18:32 UTC 2026
// 同步 ID: 252c8749 @ Mon Jul 13 01:02:39 UTC 2026
// 重构日志: fe635f1e
// 重构日志: d9e5419a
// 同步 ID: 93c86a7c @ Tue Jul 14 14:50:55 UTC 2026
// 重构日志: 0580803f
// 重构日志: 51cebd0b
// 同步 ID: 4bbfa879 @ Wed Jul 15 00:44:06 UTC 2026
